State 0:
          start ::= * prog
          prog ::= * prog SORTS sortdecl
          prog ::= * prog OBJECTS objectdecl
          prog ::= * prog CONSTANTS constantdecl
          prog ::= * prog NEWLINE predicate
          prog ::= * predicate
          prog ::= * prog NEWLINE rule
          prog ::= * rule
          prog ::= * prog NEWLINE
     (23) prog ::= *
          rule ::= * REVERSE_IMPLICATION body DOT
          rule ::= * head DISJUNCTION bodydef DOT
          rule ::= * number head DISJUNCTION bodydef
          rule ::= * head REVERSE_IMPLICATION body DOT
          rule ::= * number head REVERSE_IMPLICATION body
          rule ::= * number NEGATION NEGATION LBRACKET head REVERSE_IMPLICATION body RBRACKET
          rule ::= * LPAREN head RPAREN REVERSE_IMPLICATION body DOT
          head ::= * head DISJUNCTION bodydef
          head ::= * bodydef
          bodydef ::= * literal
          bodydef ::= * NEGATION literal
          bodydef ::= * NEGATION NEGATION literal
          bodydef ::= * LBRACKET NEGATION NEGATION literal RBRACKET
          bodydef ::= * string EQUAL string
          bodydef ::= * NEGATION string EQUAL string
          bodydef ::= * string NEGATION EQUAL string
          literal ::= * string LBRACKET variables RBRACKET EQUAL variable
          literal ::= * string LBRACKET variables RBRACKET
          literal ::= * variable
          predicate ::= * literal DOT
          predicate ::= * number literal
          predicate ::= * number NEGATION NEGATION literal
          predicate ::= * number NEGATION literal
          predicate ::= * NEGATION NEGATION literal DOT
          variable ::= * string
          variable ::= * number
          string ::= * STRING
          number ::= * NUMBER
          number ::= * NUMBER DOT NUMBER
          number ::= * MINUS lnumber DOT rnumber

           REVERSE_IMPLICATION shift        9      
                        LPAREN shift        3      
                      LBRACKET shift        72     
                      NEGATION shift        17     
                        STRING shift-reduce 54     string ::= STRING
                        NUMBER shift        80     
                         MINUS shift        40     
                         start accept
                          prog shift        42     
                     predicate shift-reduce 19     prog ::= predicate
                        string shift        43     
                          rule shift-reduce 21     prog ::= rule
                       bodydef shift-reduce 33     head ::= bodydef
                          head shift        54     
                        number shift        7      
                       literal shift        65     
                      variable shift-reduce 44     literal ::= variable
                     {default} reduce       23     prog ::=

State 1:
          prog ::= prog NEWLINE * predicate
          prog ::= prog NEWLINE * rule
     (22) prog ::= prog NEWLINE *
          rule ::= * REVERSE_IMPLICATION body DOT
          rule ::= * head DISJUNCTION bodydef DOT
          rule ::= * number head DISJUNCTION bodydef
          rule ::= * head REVERSE_IMPLICATION body DOT
          rule ::= * number head REVERSE_IMPLICATION body
          rule ::= * number NEGATION NEGATION LBRACKET head REVERSE_IMPLICATION body RBRACKET
          rule ::= * LPAREN head RPAREN REVERSE_IMPLICATION body DOT
          head ::= * head DISJUNCTION bodydef
          head ::= * bodydef
          bodydef ::= * literal
          bodydef ::= * NEGATION literal
          bodydef ::= * NEGATION NEGATION literal
          bodydef ::= * LBRACKET NEGATION NEGATION literal RBRACKET
          bodydef ::= * string EQUAL string
          bodydef ::= * NEGATION string EQUAL string
          bodydef ::= * string NEGATION EQUAL string
          literal ::= * string LBRACKET variables RBRACKET EQUAL variable
          literal ::= * string LBRACKET variables RBRACKET
          literal ::= * variable
          predicate ::= * literal DOT
          predicate ::= * number literal
          predicate ::= * number NEGATION NEGATION literal
          predicate ::= * number NEGATION literal
          predicate ::= * NEGATION NEGATION literal DOT
          variable ::= * string
          variable ::= * number
          string ::= * STRING
          number ::= * NUMBER
          number ::= * NUMBER DOT NUMBER
          number ::= * MINUS lnumber DOT rnumber

           REVERSE_IMPLICATION shift        9      
                        LPAREN shift        3      
                      LBRACKET shift        72     
                      NEGATION shift        17     
                        STRING shift-reduce 54     string ::= STRING
                        NUMBER shift        80     
                         MINUS shift        40     
                     predicate shift-reduce 18     prog ::= prog NEWLINE predicate
                        string shift        43     
                          rule shift-reduce 20     prog ::= prog NEWLINE rule
                       bodydef shift-reduce 33     head ::= bodydef
                          head shift        54     
                        number shift        7      
                       literal shift        65     
                      variable shift-reduce 44     literal ::= variable
                     {default} reduce       22     prog ::= prog NEWLINE

State 2:
          rule ::= LPAREN head RPAREN REVERSE_IMPLICATION * body DOT
          body ::= * body CONJUNCTION bodydef
          body ::= * bodydef
          bodydef ::= * literal
          bodydef ::= * NEGATION literal
          bodydef ::= * NEGATION NEGATION literal
          bodydef ::= * LBRACKET NEGATION NEGATION literal RBRACKET
          bodydef ::= * string EQUAL string
          bodydef ::= * NEGATION string EQUAL string
          bodydef ::= * string NEGATION EQUAL string
          literal ::= * string LBRACKET variables RBRACKET EQUAL variable
          literal ::= * string LBRACKET variables RBRACKET
          literal ::= * variable
          variable ::= * string
          variable ::= * number
          string ::= * STRING
          number ::= * NUMBER
          number ::= * NUMBER DOT NUMBER
          number ::= * MINUS lnumber DOT rnumber

                      LBRACKET shift        72     
                      NEGATION shift        20     
                        STRING shift-reduce 54     string ::= STRING
                        NUMBER shift        80     
                         MINUS shift        40     
                        string shift        43     
                          body shift        44     
                       bodydef shift-reduce 34     body ::= bodydef
                        number shift-reduce 53     variable ::= number
                       literal shift-reduce 35     bodydef ::= literal
                      variable shift-reduce 44     literal ::= variable

State 3:
          rule ::= LPAREN * head RPAREN REVERSE_IMPLICATION body DOT
          head ::= * head DISJUNCTION bodydef
          head ::= * bodydef
          bodydef ::= * literal
          bodydef ::= * NEGATION literal
          bodydef ::= * NEGATION NEGATION literal
          bodydef ::= * LBRACKET NEGATION NEGATION literal RBRACKET
          bodydef ::= * string EQUAL string
          bodydef ::= * NEGATION string EQUAL string
          bodydef ::= * string NEGATION EQUAL string
          literal ::= * string LBRACKET variables RBRACKET EQUAL variable
          literal ::= * string LBRACKET variables RBRACKET
          literal ::= * variable
          variable ::= * string
          variable ::= * number
          string ::= * STRING
          number ::= * NUMBER
          number ::= * NUMBER DOT NUMBER
          number ::= * MINUS lnumber DOT rnumber

                      LBRACKET shift        72     
                      NEGATION shift        20     
                        STRING shift-reduce 54     string ::= STRING
                        NUMBER shift        80     
                         MINUS shift        40     
                        string shift        43     
                       bodydef shift-reduce 33     head ::= bodydef
                          head shift        45     
                        number shift-reduce 53     variable ::= number
                       literal shift-reduce 35     bodydef ::= literal
                      variable shift-reduce 44     literal ::= variable

State 4:
          rule ::= number NEGATION NEGATION LBRACKET head REVERSE_IMPLICATION * body RBRACKET
          body ::= * body CONJUNCTION bodydef
          body ::= * bodydef
          bodydef ::= * literal
          bodydef ::= * NEGATION literal
          bodydef ::= * NEGATION NEGATION literal
          bodydef ::= * LBRACKET NEGATION NEGATION literal RBRACKET
          bodydef ::= * string EQUAL string
          bodydef ::= * NEGATION string EQUAL string
          bodydef ::= * string NEGATION EQUAL string
          literal ::= * string LBRACKET variables RBRACKET EQUAL variable
          literal ::= * string LBRACKET variables RBRACKET
          literal ::= * variable
          variable ::= * string
          variable ::= * number
          string ::= * STRING
          number ::= * NUMBER
          number ::= * NUMBER DOT NUMBER
          number ::= * MINUS lnumber DOT rnumber

                      LBRACKET shift        72     
                      NEGATION shift        20     
                        STRING shift-reduce 54     string ::= STRING
                        NUMBER shift        80     
                         MINUS shift        40     
                        string shift        43     
                          body shift        49     
                       bodydef shift-reduce 34     body ::= bodydef
                        number shift-reduce 53     variable ::= number
                       literal shift-reduce 35     bodydef ::= literal
                      variable shift-reduce 44     literal ::= variable

State 5:
          rule ::= number NEGATION NEGATION LBRACKET * head REVERSE_IMPLICATION body RBRACKET
          head ::= * head DISJUNCTION bodydef
          head ::= * bodydef
          bodydef ::= * literal
          bodydef ::= * NEGATION literal
          bodydef ::= * NEGATION NEGATION literal
          bodydef ::= * LBRACKET NEGATION NEGATION literal RBRACKET
          bodydef ::= * string EQUAL string
          bodydef ::= * NEGATION string EQUAL string
          bodydef ::= * string NEGATION EQUAL string
          literal ::= * string LBRACKET variables RBRACKET EQUAL variable
          literal ::= * string LBRACKET variables RBRACKET
          literal ::= * variable
          variable ::= * string
          variable ::= * number
          string ::= * STRING
          number ::= * NUMBER
          number ::= * NUMBER DOT NUMBER
          number ::= * MINUS lnumber DOT rnumber

                      LBRACKET shift        72     
                      NEGATION shift        20     
                        STRING shift-reduce 54     string ::= STRING
                        NUMBER shift        80     
                         MINUS shift        40     
                        string shift        43     
                       bodydef shift-reduce 33     head ::= bodydef
                          head shift        50     
                        number shift-reduce 53     variable ::= number
                       literal shift-reduce 35     bodydef ::= literal
                      variable shift-reduce 44     literal ::= variable

State 6:
          rule ::= number head REVERSE_IMPLICATION * body
          body ::= * body CONJUNCTION bodydef
          body ::= * bodydef
          bodydef ::= * literal
          bodydef ::= * NEGATION literal
          bodydef ::= * NEGATION NEGATION literal
          bodydef ::= * LBRACKET NEGATION NEGATION literal RBRACKET
          bodydef ::= * string EQUAL string
          bodydef ::= * NEGATION string EQUAL string
          bodydef ::= * string NEGATION EQUAL string
          literal ::= * string LBRACKET variables RBRACKET EQUAL variable
          literal ::= * string LBRACKET variables RBRACKET
          literal ::= * variable
          variable ::= * string
          variable ::= * number
          string ::= * STRING
          number ::= * NUMBER
          number ::= * NUMBER DOT NUMBER
          number ::= * MINUS lnumber DOT rnumber

                      LBRACKET shift        72     
                      NEGATION shift        20     
                        STRING shift-reduce 54     string ::= STRING
                        NUMBER shift        80     
                         MINUS shift        40     
                        string shift        43     
                          body shift        67     
                       bodydef shift-reduce 34     body ::= bodydef
                        number shift-reduce 53     variable ::= number
                       literal shift-reduce 35     bodydef ::= literal
                      variable shift-reduce 44     literal ::= variable

State 7:
          rule ::= number * head DISJUNCTION bodydef
          rule ::= number * head REVERSE_IMPLICATION body
          rule ::= number * NEGATION NEGATION LBRACKET head REVERSE_IMPLICATION body RBRACKET
          head ::= * head DISJUNCTION bodydef
          head ::= * bodydef
          bodydef ::= * literal
          bodydef ::= * NEGATION literal
          bodydef ::= * NEGATION NEGATION literal
          bodydef ::= * LBRACKET NEGATION NEGATION literal RBRACKET
          bodydef ::= * string EQUAL string
          bodydef ::= * NEGATION string EQUAL string
          bodydef ::= * string NEGATION EQUAL string
          literal ::= * string LBRACKET variables RBRACKET EQUAL variable
          literal ::= * string LBRACKET variables RBRACKET
          literal ::= * variable
          predicate ::= number * literal
          predicate ::= number * NEGATION NEGATION literal
          predicate ::= number * NEGATION literal
          variable ::= * string
          variable ::= * number
     (53) variable ::= number *
          string ::= * STRING
          number ::= * NUMBER
          number ::= * NUMBER DOT NUMBER
          number ::= * MINUS lnumber DOT rnumber

                      LBRACKET shift        72     
                      NEGATION shift        19     
                        STRING shift-reduce 54     string ::= STRING
                        NUMBER shift        80     
                         MINUS shift        40     
                        string shift        43     
                       bodydef shift-reduce 33     head ::= bodydef
                          head shift        52     
                        number shift-reduce 53     variable ::= number
                       literal shift        46     
                      variable shift-reduce 44     literal ::= variable
                     {default} reduce       53     variable ::= number

State 8:
          rule ::= head REVERSE_IMPLICATION * body DOT
          body ::= * body CONJUNCTION bodydef
          body ::= * bodydef
          bodydef ::= * literal
          bodydef ::= * NEGATION literal
          bodydef ::= * NEGATION NEGATION literal
          bodydef ::= * LBRACKET NEGATION NEGATION literal RBRACKET
          bodydef ::= * string EQUAL string
          bodydef ::= * NEGATION string EQUAL string
          bodydef ::= * string NEGATION EQUAL string
          literal ::= * string LBRACKET variables RBRACKET EQUAL variable
          literal ::= * string LBRACKET variables RBRACKET
          literal ::= * variable
          variable ::= * string
          variable ::= * number
          string ::= * STRING
          number ::= * NUMBER
          number ::= * NUMBER DOT NUMBER
          number ::= * MINUS lnumber DOT rnumber

                      LBRACKET shift        72     
                      NEGATION shift        20     
                        STRING shift-reduce 54     string ::= STRING
                        NUMBER shift        80     
                         MINUS shift        40     
                        string shift        43     
                          body shift        53     
                       bodydef shift-reduce 34     body ::= bodydef
                        number shift-reduce 53     variable ::= number
                       literal shift-reduce 35     bodydef ::= literal
                      variable shift-reduce 44     literal ::= variable

State 9:
          rule ::= REVERSE_IMPLICATION * body DOT
          body ::= * body CONJUNCTION bodydef
          body ::= * bodydef
          bodydef ::= * literal
          bodydef ::= * NEGATION literal
          bodydef ::= * NEGATION NEGATION literal
          bodydef ::= * LBRACKET NEGATION NEGATION literal RBRACKET
          bodydef ::= * string EQUAL string
          bodydef ::= * NEGATION string EQUAL string
          bodydef ::= * string NEGATION EQUAL string
          literal ::= * string LBRACKET variables RBRACKET EQUAL variable
          literal ::= * string LBRACKET variables RBRACKET
          literal ::= * variable
          variable ::= * string
          variable ::= * number
          string ::= * STRING
          number ::= * NUMBER
          number ::= * NUMBER DOT NUMBER
          number ::= * MINUS lnumber DOT rnumber

                      LBRACKET shift        72     
                      NEGATION shift        20     
                        STRING shift-reduce 54     string ::= STRING
                        NUMBER shift        80     
                         MINUS shift        40     
                        string shift        43     
                          body shift        57     
                       bodydef shift-reduce 34     body ::= bodydef
                        number shift-reduce 53     variable ::= number
                       literal shift-reduce 35     bodydef ::= literal
                      variable shift-reduce 44     literal ::= variable

State 10:
          objectdecl ::= * object SEMI_COLON objectdecl
          objectdecl ::= * object DOT
          objectdecl ::= * NEWLINE objectdecl
          objectdecl ::= NEWLINE * objectdecl
          object ::= * variables COLON COLON string
          variables ::= * variable
          variables ::= * variables COMMA variable
          variable ::= * string
          variable ::= * number
          string ::= * STRING
          number ::= * NUMBER
          number ::= * NUMBER DOT NUMBER
          number ::= * MINUS lnumber DOT rnumber

                       NEWLINE shift        10     
                        STRING shift-reduce 54     string ::= STRING
                        NUMBER shift        80     
                         MINUS shift        40     
                     variables shift        61     
                        string shift-reduce 52     variable ::= string
                    objectdecl shift-reduce 8      objectdecl ::= NEWLINE objectdecl
                        object shift        62     
                        number shift-reduce 53     variable ::= number
                      variable shift-reduce 50     variables ::= variable

State 11:
          objectdecl ::= * object SEMI_COLON objectdecl
          objectdecl ::= object SEMI_COLON * objectdecl
          objectdecl ::= * object DOT
          objectdecl ::= * NEWLINE objectdecl
          object ::= * variables COLON COLON string
          variables ::= * variable
          variables ::= * variables COMMA variable
          variable ::= * string
          variable ::= * number
          string ::= * STRING
          number ::= * NUMBER
          number ::= * NUMBER DOT NUMBER
          number ::= * MINUS lnumber DOT rnumber

                       NEWLINE shift        10     
                        STRING shift-reduce 54     string ::= STRING
                        NUMBER shift        80     
                         MINUS shift        40     
                     variables shift        61     
                        string shift-reduce 52     variable ::= string
                    objectdecl shift-reduce 6      objectdecl ::= object SEMI_COLON objectdecl
                        object shift        62     
                        number shift-reduce 53     variable ::= number
                      variable shift-reduce 50     variables ::= variable

State 12:
          prog ::= prog OBJECTS * objectdecl
          objectdecl ::= * object SEMI_COLON objectdecl
          objectdecl ::= * object DOT
          objectdecl ::= * NEWLINE objectdecl
          object ::= * variables COLON COLON string
          variables ::= * variable
          variables ::= * variables COMMA variable
          variable ::= * string
          variable ::= * number
          string ::= * STRING
          number ::= * NUMBER
          number ::= * NUMBER DOT NUMBER
          number ::= * MINUS lnumber DOT rnumber

                       NEWLINE shift        10     
                        STRING shift-reduce 54     string ::= STRING
                        NUMBER shift        80     
                         MINUS shift        40     
                     variables shift        61     
                        string shift-reduce 52     variable ::= string
                    objectdecl shift-reduce 5      prog ::= prog OBJECTS objectdecl
                        object shift        62     
                        number shift-reduce 53     variable ::= number
                      variable shift-reduce 50     variables ::= variable

State 13:
          head ::= head DISJUNCTION * bodydef
          bodydef ::= * literal
          bodydef ::= * NEGATION literal
          bodydef ::= * NEGATION NEGATION literal
          bodydef ::= * LBRACKET NEGATION NEGATION literal RBRACKET
          bodydef ::= * string EQUAL string
          bodydef ::= * NEGATION string EQUAL string
          bodydef ::= * string NEGATION EQUAL string
          literal ::= * string LBRACKET variables RBRACKET EQUAL variable
          literal ::= * string LBRACKET variables RBRACKET
          literal ::= * variable
          variable ::= * string
          variable ::= * number
          string ::= * STRING
          number ::= * NUMBER
          number ::= * NUMBER DOT NUMBER
          number ::= * MINUS lnumber DOT rnumber

                      LBRACKET shift        72     
                      NEGATION shift        20     
                        STRING shift-reduce 54     string ::= STRING
                        NUMBER shift        80     
                         MINUS shift        40     
                        string shift        43     
                       bodydef shift-reduce 32     head ::= head DISJUNCTION bodydef
                        number shift-reduce 53     variable ::= number
                       literal shift-reduce 35     bodydef ::= literal
                      variable shift-reduce 44     literal ::= variable

State 14:
          rule ::= number head DISJUNCTION * bodydef
          head ::= head DISJUNCTION * bodydef
          bodydef ::= * literal
          bodydef ::= * NEGATION literal
          bodydef ::= * NEGATION NEGATION literal
          bodydef ::= * LBRACKET NEGATION NEGATION literal RBRACKET
          bodydef ::= * string EQUAL string
          bodydef ::= * NEGATION string EQUAL string
          bodydef ::= * string NEGATION EQUAL string
          literal ::= * string LBRACKET variables RBRACKET EQUAL variable
          literal ::= * string LBRACKET variables RBRACKET
          literal ::= * variable
          variable ::= * string
          variable ::= * number
          string ::= * STRING
          number ::= * NUMBER
          number ::= * NUMBER DOT NUMBER
          number ::= * MINUS lnumber DOT rnumber

                      LBRACKET shift        72     
                      NEGATION shift        20     
                        STRING shift-reduce 54     string ::= STRING
                        NUMBER shift        80     
                         MINUS shift        40     
                        string shift        43     
                       bodydef shift        51     
                        number shift-reduce 53     variable ::= number
                       literal shift-reduce 35     bodydef ::= literal
                      variable shift-reduce 44     literal ::= variable

State 15:
          rule ::= head DISJUNCTION * bodydef DOT
          head ::= head DISJUNCTION * bodydef
          bodydef ::= * literal
          bodydef ::= * NEGATION literal
          bodydef ::= * NEGATION NEGATION literal
          bodydef ::= * LBRACKET NEGATION NEGATION literal RBRACKET
          bodydef ::= * string EQUAL string
          bodydef ::= * NEGATION string EQUAL string
          bodydef ::= * string NEGATION EQUAL string
          literal ::= * string LBRACKET variables RBRACKET EQUAL variable
          literal ::= * string LBRACKET variables RBRACKET
          literal ::= * variable
          variable ::= * string
          variable ::= * number
          string ::= * STRING
          number ::= * NUMBER
          number ::= * NUMBER DOT NUMBER
          number ::= * MINUS lnumber DOT rnumber

                      LBRACKET shift        72     
                      NEGATION shift        20     
                        STRING shift-reduce 54     string ::= STRING
                        NUMBER shift        80     
                         MINUS shift        40     
                        string shift        43     
                       bodydef shift        68     
                        number shift-reduce 53     variable ::= number
                       literal shift-reduce 35     bodydef ::= literal
                      variable shift-reduce 44     literal ::= variable

State 16:
          body ::= body CONJUNCTION * bodydef
          bodydef ::= * literal
          bodydef ::= * NEGATION literal
          bodydef ::= * NEGATION NEGATION literal
          bodydef ::= * LBRACKET NEGATION NEGATION literal RBRACKET
          bodydef ::= * string EQUAL string
          bodydef ::= * NEGATION string EQUAL string
          bodydef ::= * string NEGATION EQUAL string
          literal ::= * string LBRACKET variables RBRACKET EQUAL variable
          literal ::= * string LBRACKET variables RBRACKET
          literal ::= * variable
          variable ::= * string
          variable ::= * number
          string ::= * STRING
          number ::= * NUMBER
          number ::= * NUMBER DOT NUMBER
          number ::= * MINUS lnumber DOT rnumber

                      LBRACKET shift        72     
                      NEGATION shift        20     
                        STRING shift-reduce 54     string ::= STRING
                        NUMBER shift        80     
                         MINUS shift        40     
                        string shift        43     
                       bodydef shift-reduce 31     body ::= body CONJUNCTION bodydef
                        number shift-reduce 53     variable ::= number
                       literal shift-reduce 35     bodydef ::= literal
                      variable shift-reduce 44     literal ::= variable

State 17:
          bodydef ::= NEGATION * literal
          bodydef ::= NEGATION * NEGATION literal
          bodydef ::= NEGATION * string EQUAL string
          literal ::= * string LBRACKET variables RBRACKET EQUAL variable
          literal ::= * string LBRACKET variables RBRACKET
          literal ::= * variable
          predicate ::= NEGATION * NEGATION literal DOT
          variable ::= * string
          variable ::= * number
          string ::= * STRING
          number ::= * NUMBER
          number ::= * NUMBER DOT NUMBER
          number ::= * MINUS lnumber DOT rnumber

                      NEGATION shift        21     
                        STRING shift-reduce 54     string ::= STRING
                        NUMBER shift        80     
                         MINUS shift        40     
                        string shift        55     
                        number shift-reduce 53     variable ::= number
                       literal shift-reduce 36     bodydef ::= NEGATION literal
                      variable shift-reduce 44     literal ::= variable

State 18:
          rule ::= number NEGATION NEGATION * LBRACKET head REVERSE_IMPLICATION body RBRACKET
          bodydef ::= NEGATION NEGATION * literal
          literal ::= * string LBRACKET variables RBRACKET EQUAL variable
          literal ::= * string LBRACKET variables RBRACKET
          literal ::= * variable
          predicate ::= number NEGATION NEGATION * literal
          variable ::= * string
          variable ::= * number
          string ::= * STRING
          number ::= * NUMBER
          number ::= * NUMBER DOT NUMBER
          number ::= * MINUS lnumber DOT rnumber

                      LBRACKET shift        5      
                        STRING shift-reduce 54     string ::= STRING
                        NUMBER shift        80     
                         MINUS shift        40     
                        string shift        74     
                        number shift-reduce 53     variable ::= number
                       literal shift        48     
                      variable shift-reduce 44     literal ::= variable

State 19:
          rule ::= number NEGATION * NEGATION LBRACKET head REVERSE_IMPLICATION body RBRACKET
          bodydef ::= NEGATION * literal
          bodydef ::= NEGATION * NEGATION literal
          bodydef ::= NEGATION * string EQUAL string
          literal ::= * string LBRACKET variables RBRACKET EQUAL variable
          literal ::= * string LBRACKET variables RBRACKET
          literal ::= * variable
          predicate ::= number NEGATION * NEGATION literal
          predicate ::= number NEGATION * literal
          variable ::= * string
          variable ::= * number
          string ::= * STRING
          number ::= * NUMBER
          number ::= * NUMBER DOT NUMBER
          number ::= * MINUS lnumber DOT rnumber

                      NEGATION shift        18     
                        STRING shift-reduce 54     string ::= STRING
                        NUMBER shift        80     
                         MINUS shift        40     
                        string shift        55     
                        number shift-reduce 53     variable ::= number
                       literal shift        47     
                      variable shift-reduce 44     literal ::= variable

State 20:
          bodydef ::= NEGATION * literal
          bodydef ::= NEGATION * NEGATION literal
          bodydef ::= NEGATION * string EQUAL string
          literal ::= * string LBRACKET variables RBRACKET EQUAL variable
          literal ::= * string LBRACKET variables RBRACKET
          literal ::= * variable
          variable ::= * string
          variable ::= * number
          string ::= * STRING
          number ::= * NUMBER
          number ::= * NUMBER DOT NUMBER
          number ::= * MINUS lnumber DOT rnumber

                      NEGATION shift        24     
                        STRING shift-reduce 54     string ::= STRING
                        NUMBER shift        80     
                         MINUS shift        40     
                        string shift        55     
                        number shift-reduce 53     variable ::= number
                       literal shift-reduce 36     bodydef ::= NEGATION literal
                      variable shift-reduce 44     literal ::= variable

State 21:
          bodydef ::= NEGATION NEGATION * literal
          literal ::= * string LBRACKET variables RBRACKET EQUAL variable
          literal ::= * string LBRACKET variables RBRACKET
          literal ::= * variable
          predicate ::= NEGATION NEGATION * literal DOT
          variable ::= * string
          variable ::= * number
          string ::= * STRING
          number ::= * NUMBER
          number ::= * NUMBER DOT NUMBER
          number ::= * MINUS lnumber DOT rnumber

                        STRING shift-reduce 54     string ::= STRING
                        NUMBER shift        80     
                         MINUS shift        40     
                        string shift        74     
                        number shift-reduce 53     variable ::= number
                       literal shift        64     
                      variable shift-reduce 44     literal ::= variable

State 22:
          bodydef ::= LBRACKET NEGATION NEGATION * literal RBRACKET
          literal ::= * string LBRACKET variables RBRACKET EQUAL variable
          literal ::= * string LBRACKET variables RBRACKET
          literal ::= * variable
          variable ::= * string
          variable ::= * number
          string ::= * STRING
          number ::= * NUMBER
          number ::= * NUMBER DOT NUMBER
          number ::= * MINUS lnumber DOT rnumber

                        STRING shift-reduce 54     string ::= STRING
                        NUMBER shift        80     
                         MINUS shift        40     
                        string shift        74     
                        number shift-reduce 53     variable ::= number
                       literal shift        70     
                      variable shift-reduce 44     literal ::= variable

State 23:
          literal ::= string LBRACKET * variables RBRACKET EQUAL variable
          literal ::= string LBRACKET * variables RBRACKET
          variables ::= * variable
          variables ::= * variables COMMA variable
          variable ::= * string
          variable ::= * number
          string ::= * STRING
          number ::= * NUMBER
          number ::= * NUMBER DOT NUMBER
          number ::= * MINUS lnumber DOT rnumber

                        STRING shift-reduce 54     string ::= STRING
                        NUMBER shift        80     
                         MINUS shift        40     
                     variables shift        56     
                        string shift-reduce 52     variable ::= string
                        number shift-reduce 53     variable ::= number
                      variable shift-reduce 50     variables ::= variable

State 24:
          bodydef ::= NEGATION NEGATION * literal
          literal ::= * string LBRACKET variables RBRACKET EQUAL variable
          literal ::= * string LBRACKET variables RBRACKET
          literal ::= * variable
          variable ::= * string
          variable ::= * number
          string ::= * STRING
          number ::= * NUMBER
          number ::= * NUMBER DOT NUMBER
          number ::= * MINUS lnumber DOT rnumber

                        STRING shift-reduce 54     string ::= STRING
                        NUMBER shift        80     
                         MINUS shift        40     
                        string shift        74     
                        number shift-reduce 53     variable ::= number
                       literal shift-reduce 37     bodydef ::= NEGATION NEGATION literal
                      variable shift-reduce 44     literal ::= variable

State 25:
          constant ::= string LBRACKET * variables RBRACKET COLON COLON string
          constant ::= string LBRACKET * variables RBRACKET
          variables ::= * variable
          variables ::= * variables COMMA variable
          variable ::= * string
          variable ::= * number
          string ::= * STRING
          number ::= * NUMBER
          number ::= * NUMBER DOT NUMBER
          number ::= * MINUS lnumber DOT rnumber

                        STRING shift-reduce 54     string ::= STRING
                        NUMBER shift        80     
                         MINUS shift        40     
                     variables shift        58     
                        string shift-reduce 52     variable ::= string
                        number shift-reduce 53     variable ::= number
                      variable shift-reduce 50     variables ::= variable

State 26:
          literal ::= string LBRACKET variables RBRACKET EQUAL * variable
          variable ::= * string
          variable ::= * number
          string ::= * STRING
          number ::= * NUMBER
          number ::= * NUMBER DOT NUMBER
          number ::= * MINUS lnumber DOT rnumber

                        STRING shift-reduce 54     string ::= STRING
                        NUMBER shift        80     
                         MINUS shift        40     
                        string shift-reduce 52     variable ::= string
                        number shift-reduce 53     variable ::= number
                      variable shift-reduce 42     literal ::= string LBRACKET variables RBRACKET EQUAL variable

State 27:
          variables ::= variables COMMA * variable
          variable ::= * string
          variable ::= * number
          string ::= * STRING
          number ::= * NUMBER
          number ::= * NUMBER DOT NUMBER
          number ::= * MINUS lnumber DOT rnumber

                        STRING shift-reduce 54     string ::= STRING
                        NUMBER shift        80     
                         MINUS shift        40     
                        string shift-reduce 52     variable ::= string
                        number shift-reduce 53     variable ::= number
                      variable shift-reduce 51     variables ::= variables COMMA variable

State 28:
          constantdecl ::= * constant SEMI_COLON constantdecl
          constantdecl ::= * constant DOT
          constantdecl ::= * NEWLINE constantdecl
          constantdecl ::= NEWLINE * constantdecl
          constant ::= * string LBRACKET variables RBRACKET COLON COLON string
          constant ::= * string LBRACKET variables RBRACKET
          constant ::= * string
          constant ::= * string COLON COLON string
          string ::= * STRING

                       NEWLINE shift        28     
                        STRING shift-reduce 54     string ::= STRING
                        string shift        59     
                  constantdecl shift-reduce 13     constantdecl ::= NEWLINE constantdecl
                      constant shift        60     

State 29:
          constantdecl ::= * constant SEMI_COLON constantdecl
          constantdecl ::= constant SEMI_COLON * constantdecl
          constantdecl ::= * constant DOT
          constantdecl ::= * NEWLINE constantdecl
          constant ::= * string LBRACKET variables RBRACKET COLON COLON string
          constant ::= * string LBRACKET variables RBRACKET
          constant ::= * string
          constant ::= * string COLON COLON string
          string ::= * STRING

                       NEWLINE shift        28     
                        STRING shift-reduce 54     string ::= STRING
                        string shift        59     
                  constantdecl shift-reduce 11     constantdecl ::= constant SEMI_COLON constantdecl
                      constant shift        60     

State 30:
          prog ::= prog CONSTANTS * constantdecl
          constantdecl ::= * constant SEMI_COLON constantdecl
          constantdecl ::= * constant DOT
          constantdecl ::= * NEWLINE constantdecl
          constant ::= * string LBRACKET variables RBRACKET COLON COLON string
          constant ::= * string LBRACKET variables RBRACKET
          constant ::= * string
          constant ::= * string COLON COLON string
          string ::= * STRING

                       NEWLINE shift        28     
                        STRING shift-reduce 54     string ::= STRING
                        string shift        59     
                  constantdecl shift-reduce 10     prog ::= prog CONSTANTS constantdecl
                      constant shift        60     

State 31:
          sortdecl ::= * string SEMI_COLON sortdecl
          sortdecl ::= * NEWLINE sortdecl
          sortdecl ::= NEWLINE * sortdecl
          sortdecl ::= * string DOT
          string ::= * STRING

                       NEWLINE shift        31     
                        STRING shift-reduce 54     string ::= STRING
                      sortdecl shift-reduce 3      sortdecl ::= NEWLINE sortdecl
                        string shift        63     

State 32:
          sortdecl ::= * string SEMI_COLON sortdecl
          sortdecl ::= string SEMI_COLON * sortdecl
          sortdecl ::= * NEWLINE sortdecl
          sortdecl ::= * string DOT
          string ::= * STRING

                       NEWLINE shift        31     
                        STRING shift-reduce 54     string ::= STRING
                      sortdecl shift-reduce 2      sortdecl ::= string SEMI_COLON sortdecl
                        string shift        63     

State 33:
          prog ::= prog SORTS * sortdecl
          sortdecl ::= * string SEMI_COLON sortdecl
          sortdecl ::= * NEWLINE sortdecl
          sortdecl ::= * string DOT
          string ::= * STRING

                       NEWLINE shift        31     
                        STRING shift-reduce 54     string ::= STRING
                      sortdecl shift-reduce 1      prog ::= prog SORTS sortdecl
                        string shift        63     

State 34:
          bodydef ::= string NEGATION EQUAL * string
          string ::= * STRING

                        STRING shift-reduce 54     string ::= STRING
                        string shift-reduce 41     bodydef ::= string NEGATION EQUAL string

State 35:
          bodydef ::= string EQUAL * string
          string ::= * STRING

                        STRING shift-reduce 54     string ::= STRING
                        string shift-reduce 39     bodydef ::= string EQUAL string

State 36:
          bodydef ::= NEGATION string EQUAL * string
          string ::= * STRING

                        STRING shift-reduce 54     string ::= STRING
                        string shift-reduce 40     bodydef ::= NEGATION string EQUAL string

State 37:
          constant ::= string COLON COLON * string
          string ::= * STRING

                        STRING shift-reduce 54     string ::= STRING
                        string shift-reduce 17     constant ::= string COLON COLON string

State 38:
          constant ::= string LBRACKET variables RBRACKET COLON COLON * string
          string ::= * STRING

                        STRING shift-reduce 54     string ::= STRING
                        string shift-reduce 14     constant ::= string LBRACKET variables RBRACKET COLON COLON string

State 39:
          number ::= MINUS lnumber DOT * rnumber
          rnumber ::= * NUMBER

                        NUMBER shift-reduce 59     rnumber ::= NUMBER
                       rnumber shift-reduce 57     number ::= MINUS lnumber DOT rnumber

State 40:
          number ::= MINUS * lnumber DOT rnumber
          lnumber ::= * NUMBER

                        NUMBER shift-reduce 58     lnumber ::= NUMBER
                       lnumber shift        78     

State 41:
          object ::= variables COLON COLON * string
          string ::= * STRING

                        STRING shift-reduce 54     string ::= STRING
                        string shift-reduce 9      object ::= variables COLON COLON string

State 42:
      (0) start ::= prog *
          prog ::= prog * SORTS sortdecl
          prog ::= prog * OBJECTS objectdecl
          prog ::= prog * CONSTANTS constantdecl
          prog ::= prog * NEWLINE predicate
          prog ::= prog * NEWLINE rule
          prog ::= prog * NEWLINE

                             $ reduce       0      start ::= prog
                       NEWLINE shift        1      
                         SORTS shift        33     
                       OBJECTS shift        12     
                     CONSTANTS shift        30     

State 43:
          bodydef ::= string * EQUAL string
          bodydef ::= string * NEGATION EQUAL string
          literal ::= string * LBRACKET variables RBRACKET EQUAL variable
          literal ::= string * LBRACKET variables RBRACKET
     (52) variable ::= string *

                         EQUAL shift        35     
                      LBRACKET shift        23     
                      NEGATION shift        69     
                     {default} reduce       52     variable ::= string

State 44:
          rule ::= LPAREN head RPAREN REVERSE_IMPLICATION body * DOT
          body ::= body * CONJUNCTION bodydef

                   CONJUNCTION shift        16     
                           DOT shift-reduce 30     rule ::= LPAREN head RPAREN REVERSE_IMPLICATION body DOT

State 45:
          rule ::= LPAREN head * RPAREN REVERSE_IMPLICATION body DOT
          head ::= head * DISJUNCTION bodydef

                        RPAREN shift        66     
                   DISJUNCTION shift        13     

State 46:
     (35) bodydef ::= literal *
     (46) predicate ::= number literal *

           REVERSE_IMPLICATION reduce       35     bodydef ::= literal
                   DISJUNCTION reduce       35     bodydef ::= literal
                     {default} reduce       46     predicate ::= number literal

State 47:
     (36) bodydef ::= NEGATION literal *
     (48) predicate ::= number NEGATION literal *

           REVERSE_IMPLICATION reduce       36     bodydef ::= NEGATION literal
                   DISJUNCTION reduce       36     bodydef ::= NEGATION literal
                     {default} reduce       48     predicate ::= number NEGATION literal

State 48:
     (37) bodydef ::= NEGATION NEGATION literal *
     (47) predicate ::= number NEGATION NEGATION literal *

           REVERSE_IMPLICATION reduce       37     bodydef ::= NEGATION NEGATION literal
                   DISJUNCTION reduce       37     bodydef ::= NEGATION NEGATION literal
                     {default} reduce       47     predicate ::= number NEGATION NEGATION literal

State 49:
          rule ::= number NEGATION NEGATION LBRACKET head REVERSE_IMPLICATION body * RBRACKET
          body ::= body * CONJUNCTION bodydef

                   CONJUNCTION shift        16     
                      RBRACKET shift-reduce 29     rule ::= number NEGATION NEGATION LBRACKET head REVERSE_IMPLICATION body RBRACKET

State 50:
          rule ::= number NEGATION NEGATION LBRACKET head * REVERSE_IMPLICATION body RBRACKET
          head ::= head * DISJUNCTION bodydef

           REVERSE_IMPLICATION shift        4      
                   DISJUNCTION shift        13     

State 51:
     (26) rule ::= number head DISJUNCTION bodydef *
     (32) head ::= head DISJUNCTION bodydef *

           REVERSE_IMPLICATION reduce       32     head ::= head DISJUNCTION bodydef
                   DISJUNCTION reduce       32     head ::= head DISJUNCTION bodydef
                     {default} reduce       26     rule ::= number head DISJUNCTION bodydef

State 52:
          rule ::= number head * DISJUNCTION bodydef
          rule ::= number head * REVERSE_IMPLICATION body
          head ::= head * DISJUNCTION bodydef

           REVERSE_IMPLICATION shift        6      
                   DISJUNCTION shift        14     

State 53:
          rule ::= head REVERSE_IMPLICATION body * DOT
          body ::= body * CONJUNCTION bodydef

                   CONJUNCTION shift        16     
                           DOT shift-reduce 27     rule ::= head REVERSE_IMPLICATION body DOT

State 54:
          rule ::= head * DISJUNCTION bodydef DOT
          rule ::= head * REVERSE_IMPLICATION body DOT
          head ::= head * DISJUNCTION bodydef

           REVERSE_IMPLICATION shift        8      
                   DISJUNCTION shift        15     

State 55:
          bodydef ::= NEGATION string * EQUAL string
          literal ::= string * LBRACKET variables RBRACKET EQUAL variable
          literal ::= string * LBRACKET variables RBRACKET
     (52) variable ::= string *

                         EQUAL shift        36     
                      LBRACKET shift        23     
                     {default} reduce       52     variable ::= string

State 56:
          literal ::= string LBRACKET variables * RBRACKET EQUAL variable
          literal ::= string LBRACKET variables * RBRACKET
          variables ::= variables * COMMA variable

                         COMMA shift        27     
                      RBRACKET shift        73     

State 57:
          rule ::= REVERSE_IMPLICATION body * DOT
          body ::= body * CONJUNCTION bodydef

                   CONJUNCTION shift        16     
                           DOT shift-reduce 24     rule ::= REVERSE_IMPLICATION body DOT

State 58:
          constant ::= string LBRACKET variables * RBRACKET COLON COLON string
          constant ::= string LBRACKET variables * RBRACKET
          variables ::= variables * COMMA variable

                         COMMA shift        27     
                      RBRACKET shift        77     

State 59:
          constant ::= string * LBRACKET variables RBRACKET COLON COLON string
          constant ::= string * LBRACKET variables RBRACKET
     (16) constant ::= string *
          constant ::= string * COLON COLON string

                      LBRACKET shift        25     
                         COLON shift        75     
                     {default} reduce       16     constant ::= string

State 60:
          constantdecl ::= constant * SEMI_COLON constantdecl
          constantdecl ::= constant * DOT

                    SEMI_COLON shift        29     
                           DOT shift-reduce 12     constantdecl ::= constant DOT

State 61:
          object ::= variables * COLON COLON string
          variables ::= variables * COMMA variable

                         COMMA shift        27     
                         COLON shift        81     

State 62:
          objectdecl ::= object * SEMI_COLON objectdecl
          objectdecl ::= object * DOT

                    SEMI_COLON shift        11     
                           DOT shift-reduce 7      objectdecl ::= object DOT

State 63:
          sortdecl ::= string * SEMI_COLON sortdecl
          sortdecl ::= string * DOT

                    SEMI_COLON shift        32     
                           DOT shift-reduce 4      sortdecl ::= string DOT

State 64:
     (37) bodydef ::= NEGATION NEGATION literal *
          predicate ::= NEGATION NEGATION literal * DOT

                           DOT shift-reduce 49     predicate ::= NEGATION NEGATION literal DOT
                     {default} reduce       37     bodydef ::= NEGATION NEGATION literal

State 65:
     (35) bodydef ::= literal *
          predicate ::= literal * DOT

                           DOT shift-reduce 45     predicate ::= literal DOT
                     {default} reduce       35     bodydef ::= literal

State 66:
          rule ::= LPAREN head RPAREN * REVERSE_IMPLICATION body DOT

           REVERSE_IMPLICATION shift        2      

State 67:
     (28) rule ::= number head REVERSE_IMPLICATION body *
          body ::= body * CONJUNCTION bodydef

                   CONJUNCTION shift        16     
                     {default} reduce       28     rule ::= number head REVERSE_IMPLICATION body

State 68:
          rule ::= head DISJUNCTION bodydef * DOT
     (32) head ::= head DISJUNCTION bodydef *

                           DOT shift-reduce 25     rule ::= head DISJUNCTION bodydef DOT
                     {default} reduce       32     head ::= head DISJUNCTION bodydef

State 69:
          bodydef ::= string NEGATION * EQUAL string

                         EQUAL shift        34     

State 70:
          bodydef ::= LBRACKET NEGATION NEGATION literal * RBRACKET

                      RBRACKET shift-reduce 38     bodydef ::= LBRACKET NEGATION NEGATION literal RBRACKET

State 71:
          bodydef ::= LBRACKET NEGATION * NEGATION literal RBRACKET

                      NEGATION shift        22     

State 72:
          bodydef ::= LBRACKET * NEGATION NEGATION literal RBRACKET

                      NEGATION shift        71     

State 73:
          literal ::= string LBRACKET variables RBRACKET * EQUAL variable
     (43) literal ::= string LBRACKET variables RBRACKET *

                         EQUAL shift        26     
                     {default} reduce       43     literal ::= string LBRACKET variables RBRACKET

State 74:
          literal ::= string * LBRACKET variables RBRACKET EQUAL variable
          literal ::= string * LBRACKET variables RBRACKET
     (52) variable ::= string *

                      LBRACKET shift        23     
                     {default} reduce       52     variable ::= string

State 75:
          constant ::= string COLON * COLON string

                         COLON shift        37     

State 76:
          constant ::= string LBRACKET variables RBRACKET COLON * COLON string

                         COLON shift        38     

State 77:
          constant ::= string LBRACKET variables RBRACKET * COLON COLON string
     (15) constant ::= string LBRACKET variables RBRACKET *

                         COLON shift        76     
                     {default} reduce       15     constant ::= string LBRACKET variables RBRACKET

State 78:
          number ::= MINUS lnumber * DOT rnumber

                           DOT shift        39     

State 79:
          number ::= NUMBER DOT * NUMBER

                        NUMBER shift-reduce 56     number ::= NUMBER DOT NUMBER

State 80:
     (55) number ::= NUMBER *
          number ::= NUMBER * DOT NUMBER

                           DOT shift        79     
                           DOT reduce       55      ** Parsing conflict **
                     {default} reduce       55     number ::= NUMBER

State 81:
          object ::= variables COLON * COLON string

                         COLON shift        41     

----------------------------------------------------
Symbols:
    0: $:
    1: REVERSE_IMPLICATION
    2: EQUAL
    3: COMMA
    4: LPAREN
    5: RPAREN
    6: NEWLINE
    7: CONJUNCTION
    8: DISJUNCTION
    9: LBRACKET
   10: RBRACKET
   11: IMPLICATION
   12: SORTS
   13: NEGATION
   14: WS
   15: SEMI_COLON
   16: DOT
   17: OBJECTS
   18: COLON
   19: CONSTANTS
   20: STRING
   21: NUMBER
   22: MINUS
   23: error:
   24: start: <lambda> REVERSE_IMPLICATION LPAREN NEWLINE LBRACKET SORTS NEGATION OBJECTS CONSTANTS STRING NUMBER MINUS
   25: prog: <lambda> REVERSE_IMPLICATION LPAREN NEWLINE LBRACKET SORTS NEGATION OBJECTS CONSTANTS STRING NUMBER MINUS
   26: predicate: NEGATION STRING NUMBER MINUS
   27: decl:
   28: variables: STRING NUMBER MINUS
   29: sortdecl: NEWLINE STRING
   30: string: STRING
   31: objectdecl: NEWLINE STRING NUMBER MINUS
   32: object: STRING NUMBER MINUS
   33: constantdecl: NEWLINE STRING
   34: constant: STRING
   35: rule: REVERSE_IMPLICATION LPAREN LBRACKET NEGATION STRING NUMBER MINUS
   36: body: LBRACKET NEGATION STRING NUMBER MINUS
   37: bodydef: LBRACKET NEGATION STRING NUMBER MINUS
   38: bodydef2:
   39: head: LBRACKET NEGATION STRING NUMBER MINUS
   40: number: NUMBER MINUS
   41: literal: STRING NUMBER MINUS
   42: variable: STRING NUMBER MINUS
   43: lnumber: NUMBER
   44: rnumber: NUMBER
